<?xml version="1.0" encoding="UTF-8"?>
<testsuite xmlns:xsi="http://www.w3.org/2001/XMLSchema-instance" xsi:noNamespaceSchemaLocation="https://maven.apache.org/surefire/maven-surefire-plugin/xsd/surefire-test-report-3.0.xsd" version="3.0" name="com.chat.ChatApplicationTests" time="2.404" tests="1" errors="0" skipped="0" failures="0">
  <properties>
[...]
</properties>
  <testcase name="contextLoads" classname="com.chat.ChatApplicationTests" time="0.716">
    <system-out><![CDATA[17:40:58.683 [main] INFO org.springframework.test.context.support.AnnotationConfigContextLoaderUtils -- Could not detect default configuration classes for test class [com.chat.ChatApplicationTests]: ChatApplicationTests does not declare any static, non-private, non-final, nested classes annotated with @Configuration.
17:40:58.767 [main] INFO org.springframework.boot.test.context.SpringBootTestContextBootstrapper -- Found @SpringBootConfiguration com.chat.ChatApplication for test class com.chat.ChatApplicationTests

  .   ____          _            __ _ _
 /\\ / ___'_ __ _ _(_)_ __  __ _ \ \ \ \
( ( )\___ | '_ | '_| | '_ \/ _` | \ \ \ \
 \\/  ___)| |_)| | | | | || (_| |  ) ) ) )
  '  |____| .__|_| |_|_| |_\__, | / / / /
 =========|_|==============|___/=/_/_/_/
 :: Spring Boot ::                (v3.2.1)

2024-01-10T17:40:59.117+02:00  INFO 19836 --- [           main] com.chat.ChatApplicationTests            : Starting ChatApplicationTests using Java 17 with PID 19836 (started by User in D:\FACULTATE\ANUL_IV\SD\chat\chat)
2024-01-10T17:40:59.121+02:00  INFO 19836 --- [           main] com.chat.ChatApplicationTests            : No active profile set, falling back to 1 default profile: "default"
2024-01-10T17:41:00.201+02:00  INFO 19836 --- [           main] o.s.m.s.b.SimpleBrokerMessageHandler     : Starting...
2024-01-10T17:41:00.201+02:00  INFO 19836 --- [           main] o.s.m.s.b.SimpleBrokerMessageHandler     : BrokerAvailabilityEvent[available=true, SimpleBrokerMessageHandler [org.springframework.messaging.simp.broker.DefaultSubscriptionRegistry@6a5e167a]]
2024-01-10T17:41:00.201+02:00  INFO 19836 --- [           main] o.s.m.s.b.SimpleBrokerMessageHandler     : Started.
2024-01-10T17:41:00.216+02:00  INFO 19836 --- [           main] com.chat.ChatApplicationTests            : Started ChatApplicationTests in 1.301 seconds (process running for 2.143)
]]></system-out>
  </testcase>
</testsuite>